#
# A fatal error has been detected by the Java Runtime Environment:
#
#  SIGSEGV (0xb) at pc=0x000000011c057381, pid=5132, tid=1299
#
# JRE version: Java(TM) SE Runtime Environment (8.0_20-b26) (build 1.8.0_20-b26)
# Java VM: Java HotSpot(TM) 64-Bit Server VM (25.20-b23 mixed mode bsd-amd64 compressed oops)
# Problematic frame:
# C  [libglass.dylib+0x16381]  GlassScreenDidChangeScreenParameters+0x21
#
# Failed to write core dump. Core dumps have been disabled. To enable core dumping, try "ulimit -c unlimited" before starting Java again
#
# If you would like to submit a bug report, please visit:
#   http://bugreport.sun.com/bugreport/crash.jsp
#

---------------  T H R E A D  ---------------

Current thread is native thread

siginfo: si_signo: 11 (SIGSEGV), si_code: 1 (SEGV_MAPERR), si_addr: 0x0000000000000000

Registers:
RAX=0x000000011c089d48, RBX=0x0000000000000000, RCX=0x07004f76748be9b3, RDX=0x00007fff7603a1f8
RSP=0x00007fff5e5a28f0, RBP=0x00007fff5e5a2900, RSI=0x00007fa043408f10, RDI=0x0000000000000000
R8 =0x00007fff5e5a27a0, R9 =0x00007fff76f98300, R10=0x0000000000000000, R11=0x0000000000000246
R12=0x00007fa04351edf0, R13=0x00000000000f426a, R14=0x00007fa04372d000, R15=0x00007fff5e5a2a40
RIP=0x000000011c057381, EFLAGS=0x0000000000010246, ERR=0x0000000000000004
  TRAPNO=0x000000000000000e

Top of Stack: (sp=0x00007fff5e5a28f0)
0x00007fff5e5a28f0:   00007fff5e5a2ad0 00007fa04372d000
0x00007fff5e5a2900:   00007fff5e5a2910 00007fff8b60945c
0x00007fff5e5a2910:   00007fff5e5a2c70 00007fff8b4f9634
0x00007fff5e5a2920:   00007fff5e5a2970 0000000000000000
0x00007fff5e5a2930:   00007fff76a55ed0 00007fa043410d00
0x00007fff5e5a2940:   0000000000001000 0000000000000a98
0x00007fff5e5a2950:   00007fa043410d00 00007fa04372d000
0x00007fff5e5a2960:   0000000000000000 00007fff5e5a2a40
0x00007fff5e5a2970:   0000000000000000 00007fa04372cfc0
0x00007fff5e5a2980:   00007fff5e5a2ac0 0000000000000071
0x00007fff5e5a2990:   00000000000f437d 00007fa0435618d0
0x00007fff5e5a29a0:   00007fa0435672e0 00007fa04351edf0
0x00007fff5e5a29b0:   0000000000000001 00000000000f426a
0x00007fff5e5a29c0:   00007fa04351ede0 00007fff928cbb90
0x00007fff5e5a29d0:   0000000000000001 0000000000000001
0x00007fff5e5a29e0:   0000000000000030 0000000000000001
0x00007fff5e5a29f0:   00007fff5e5a2a10 00007fff928cc546
0x00007fff5e5a2a00:   00007fff76a53fb0 0000000000000000
0x00007fff5e5a2a10:   00007fff5e5a2a30 0000000000000023
0x00007fff5e5a2a20:   000b2103450d9e00 00007fa04351ee14
0x00007fff5e5a2a30:   0000000000000000 00007fff8b4ef10f
0x00007fff5e5a2a40:   00007fa04372d000 00007fff76a53fb0
0x00007fff5e5a2a50:   00007fff5e5a2ad0 00007fff8b4f7c3f
0x00007fff5e5a2a60:   00007fff5e5a2ad4 000000000050f401
0x00007fff5e5a2a70:   0000000101677a00 0000000000000002
0x00007fff5e5a2a80:   0000000101674000 00007fa04350fde2
0x00007fff5e5a2a90:   0000000000000003 0000000101677a00
0x00007fff5e5a2aa0:   00007fff5e5a2b90 00007fff928c8b36
0x00007fff5e5a2ab0:   00007fa043566e30 00007fff5e5a2c78
0x00007fff5e5a2ac0:   0000000000000017 0000000000000000
0x00007fff5e5a2ad0:   00000000000f426a 00007fff8b4ef403
0x00007fff5e5a2ae0:   00007fff00000000 00007fa043637770 

Instructions: (pc=0x000000011c057381)
0x000000011c057361:   48 89 e5 41 56 53 48 8d 05 d2 2a 03 00 48 83 38
0x000000011c057371:   00 48 89 fb 75 72 48 8d 05 ca 29 03 00 48 8b 30
0x000000011c057381:   48 8b 03 48 8d 15 7c 99 01 00 48 8d 0d 5e 6f 01
0x000000011c057391:   00 48 89 df ff 90 88 03 00 00 48 8d 0d 9e 2a 03 

Register to memory mapping:

RAX=0x000000011c089d48: jScreenClass+0 in /Library/Java/JavaVirtualMachines/jdk1.8.0_20.jdk/Contents/Home/jre/lib/libglass.dylib at 0x000000011c041000
RBX=0x0000000000000000 is an unknown value
RCX=0x07004f76748be9b3 is an unknown value
RDX=0x00007fff7603a1f8: __sFX+0x1c8 in /usr/lib/system/libsystem_c.dylib at 0x00007fff86e63000
RSP=0x00007fff5e5a28f0 is an unknown value
RBP=0x00007fff5e5a2900 is an unknown value
RSI=0x00007fa043408f10 is a global jni handle
RDI=0x0000000000000000 is an unknown value
R8 =0x00007fff5e5a27a0 is an unknown value
R9 =0x00007fff76f98300: _thread+0 in /usr/lib/system/libsystem_pthread.dylib at 0x00007fff8d948000
R10=0x0000000000000000 is an unknown value
R11=0x0000000000000246 is an unknown value
R12=0x00007fa04351edf0 is an unknown value
R13=0x00000000000f426a is an unknown value
R14=0x00007fa04372d000 is an unknown value
R15=0x00007fff5e5a2a40 is an unknown value


Stack: [0x00007fff5dda6000,0x00007fff5e5a6000],  sp=0x00007fff5e5a28f0,  free space=8178k
Native frames: (J=compiled Java code, j=interpreted, Vv=VM code, C=native code)
C  [libglass.dylib+0x16381]  GlassScreenDidChangeScreenParameters+0x21
C  [CoreFoundation+0x12045c]  __CFNOTIFICATIONCENTER_IS_CALLING_OUT_TO_AN_OBSERVER__+0xc
C  [CoreFoundation+0x10634]  _CFXNotificationPost+0xc44
C  [Foundation+0x7aa1]  -[NSNotificationCenter postNotificationName:object:userInfo:]+0x42
C  [AppKit+0x40de7e]  -[NSApplication _reactToScreenInvalidationImmediately:]+0x17b
C  [AppKit+0x40dcc7]  __44-[NSApplication _reactToScreenInvalidation:]_block_invoke+0x4b
C  [CoreFoundation+0x808ec]  __CFRUNLOOP_IS_CALLING_OUT_TO_A_BLOCK__+0xc
C  [CoreFoundation+0x729f5]  __CFRunLoopDoBlocks+0x155
C  [CoreFoundation+0x72536]  __CFRunLoopRun+0x716
C  [CoreFoundation+0x71bd8]  CFRunLoopRunSpecific+0x128
C  [java+0x56cc]  CreateExecutionEnvironment+0x367
C  [java+0x165c]  JLI_Launch+0x7a0
C  [java+0x768a]  main+0x65
C  [java+0xeb4]  start+0x34


---------------  P R O C E S S  ---------------

VM state:at safepoint (normal execution)

VM Mutex/Monitor currently owned by a thread:  ([mutex/lock_event])
[0x00007fa0436029a0] Threads_lock - owner thread: 0x00007fa04382e800
[0x00007fa043602ea0] Heap_lock - owner thread: 0x00007fa044c0a800

Heap:
 PSYoungGen      total 38400K, used 37059K [0x0000000795580000, 0x0000000798000000, 0x00000007c0000000)
  eden space 33280K, 98% used [0x0000000795580000,0x000000079756c408,0x0000000797600000)
  from space 5120K, 85% used [0x0000000797600000,0x0000000797a44ac0,0x0000000797b00000)
  to   space 5120K, 0% used [0x0000000797b00000,0x0000000797b00000,0x0000000798000000)
 ParOldGen       total 87552K, used 2896K [0x0000000740000000, 0x0000000745580000, 0x0000000795580000)
  object space 87552K, 3% used [0x0000000740000000,0x00000007402d4030,0x0000000745580000)
 Metaspace       used 16683K, capacity 17300K, committed 17536K, reserved 1064960K
  class space    used 2217K, capacity 2387K, committed 2432K, reserved 1048576K

Card table byte_map: [0x00000001123de000,0x00000001127df000] byte_map_base: 0x000000010e9de000

Marking Bits: (ParMarkBitMap*) 0x000000010289c330
 Begin Bits: [0x0000000112e96000, 0x0000000114e96000)
 End Bits:   [0x0000000114e96000, 0x0000000116e96000)

Polling page: 0x00000001017b1000

CodeCache: size=245760Kb used=9936Kb max_used=9936Kb free=235824Kb
 bounds [0x000000010301e000, 0x00000001039ee000, 0x000000011201e000]
 total_blobs=3817 nmethods=3182 adapters=548
 compilation: enabled

Compilation events (10 events):
Event: 152.523 Thread 0x00007fa04404c800 nmethod 3202 0x00000001039bb710 code [0x00000001039bb880, 0x00000001039bba08]
Event: 280.049 Thread 0x00007fa04404c800 3207       3       com.sun.javafx.scene.control.skin.LabeledSkinBase::computeMinLabeledPartHeight (179 bytes)
Event: 280.056 Thread 0x00007fa04404c800 nmethod 3207 0x00000001039dc910 code [0x00000001039dcec0, 0x00000001039e1518]
Event: 280.528 Thread 0x00007fa04404c000 3208       4       jdk.internal.org.objectweb.asm.ClassWriter::newUTF8 (70 bytes)
Event: 280.528 Thread 0x00007fa04404c800 3209       3       java.lang.invoke.LambdaForm$Name::<init> (14 bytes)
Event: 280.528 Thread 0x00007fa04404c800 nmethod 3209 0x0000000103132950 code [0x0000000103132ae0, 0x0000000103132f18]
Event: 280.528 Thread 0x00007fa04404c800 3210       3       java.lang.invoke.LambdaForm$NamedFunction::<init> (10 bytes)
Event: 280.528 Thread 0x00007fa04404c800 nmethod 3210 0x00000001039bf1d0 code [0x00000001039bf360, 0x00000001039bf688]
Event: 280.529 Thread 0x00007fa04404c800 3211       3       java.lang.invoke.MethodHandleNatives::findMethodHandleType (7 bytes)
Event: 280.529 Thread 0x00007fa04404c800 nmethod 3211 0x0000000103149b50 code [0x0000000103149cc0, 0x0000000103149e28]

GC Heap History (2 events):
Event: 4.004 GC heap before
{Heap before GC invocations=1 (full 0):
 PSYoungGen      total 38400K, used 33280K [0x0000000795580000, 0x0000000798000000, 0x00000007c0000000)
  eden space 33280K, 100% used [0x0000000795580000,0x0000000797600000,0x0000000797600000)
  from space 5120K, 0% used [0x0000000797b00000,0x0000000797b00000,0x0000000798000000)
  to   space 5120K, 0% used [0x0000000797600000,0x0000000797600000,0x0000000797b00000)
 ParOldGen       total 87552K, used 0K [0x0000000740000000, 0x0000000745580000, 0x0000000795580000)
  object space 87552K, 0% used [0x0000000740000000,0x0000000740000000,0x0000000745580000)
 Metaspace       used 13815K, capacity 14288K, committed 14592K, reserved 1062912K
  class space    used 1865K, capacity 1983K, committed 2048K, reserved 1048576K
Event: 4.012 GC heap after
Heap after GC invocations=1 (full 0):
 PSYoungGen      total 38400K, used 4370K [0x0000000795580000, 0x0000000798000000, 0x00000007c0000000)
  eden space 33280K, 0% used [0x0000000795580000,0x0000000795580000,0x0000000797600000)
  from space 5120K, 85% used [0x0000000797600000,0x0000000797a44ac0,0x0000000797b00000)
  to   space 5120K, 0% used [0x0000000797b00000,0x0000000797b00000,0x0000000798000000)
 ParOldGen       total 87552K, used 2896K [0x0000000740000000, 0x0000000745580000, 0x0000000795580000)
  object space 87552K, 3% used [0x0000000740000000,0x00000007402d4030,0x0000000745580000)
 Metaspace       used 13815K, capacity 14288K, committed 14592K, reserved 1062912K
  class space    used 1865K, capacity 1983K, committed 2048K, reserved 1048576K
}

Deoptimization events (10 events):
Event: 1.599 Thread 0x00007fa044081000 Uncommon trap: reason=class_check action=maybe_recompile pc=0x0000000103155004 method=java.lang.String.equals(Ljava/lang/Object;)Z @ 8
Event: 1.777 Thread 0x00007fa044081000 Uncommon trap: reason=unloaded action=reinterpret pc=0x000000010324e198 method=java.lang.CharacterData.of(I)Ljava/lang/CharacterData; @ 96
Event: 4.113 Thread 0x00007fa044081000 Uncommon trap: reason=unreached action=reinterpret pc=0x0000000103459bfc method=java.lang.Class.privateGetDeclaredMethods(Z)[Ljava/lang/reflect/Method; @ 29
Event: 9.949 Thread 0x00007fa044081000 Uncommon trap: reason=unreached action=reinterpret pc=0x0000000103603be8 method=javafx.scene.CssStyleHelper.lookup(Ljavafx/css/Styleable;Ljavafx/css/CssMetaData;Lcom/sun/javafx/css/StyleMap;Ljava/util/Set;Ljavafx/css/Styleable;Lcom/sun/javafx/css/Calculat
Event: 10.048 Thread 0x00007fa044045800 Uncommon trap: reason=unreached action=reinterpret pc=0x0000000103531f1c method=java.lang.Class.privateGetDeclaredMethods(Z)[Ljava/lang/reflect/Method; @ 29
Event: 10.050 Thread 0x00007fa044045800 Uncommon trap: reason=unreached action=reinterpret pc=0x0000000103513cc8 method=java.lang.Class.privateGetDeclaredMethods(Z)[Ljava/lang/reflect/Method; @ 29
Event: 19.075 Thread 0x00007fa044081000 Uncommon trap: reason=array_check action=maybe_recompile pc=0x00000001037e199c method=com.sun.javafx.css.SimpleSelector.applies(Ljavafx/css/Styleable;[Ljava/util/Set;I)Z @ 37
Event: 19.075 Thread 0x00007fa044081000 Uncommon trap: reason=array_check action=maybe_recompile pc=0x00000001037e199c method=com.sun.javafx.css.SimpleSelector.applies(Ljavafx/css/Styleable;[Ljava/util/Set;I)Z @ 37
Event: 19.075 Thread 0x00007fa044081000 Uncommon trap: reason=array_check action=maybe_recompile pc=0x00000001037e199c method=com.sun.javafx.css.SimpleSelector.applies(Ljavafx/css/Styleable;[Ljava/util/Set;I)Z @ 37
Event: 19.075 Thread 0x00007fa044081000 Uncommon trap: reason=array_check action=maybe_recompile pc=0x00000001037e199c method=com.sun.javafx.css.SimpleSelector.applies(Ljavafx/css/Styleable;[Ljava/util/Set;I)Z @ 37

Internal exceptions (10 events):
Event: 9.912 Thread 0x00007fa044081000 Exception <a 'java/security/PrivilegedActionException'> (0x0000000796460930) thrown at [/HUDSON3/workspace/8-2-build-macosx-x86_64/jdk8u20/1074/hotspot/src/share/vm/prims/jvm.cpp, line 1275]
Event: 9.913 Thread 0x00007fa044081000 Exception <a 'java/security/PrivilegedActionException'> (0x00000007964675a0) thrown at [/HUDSON3/workspace/8-2-build-macosx-x86_64/jdk8u20/1074/hotspot/src/share/vm/prims/jvm.cpp, line 1275]
Event: 9.914 Thread 0x00007fa044081000 Exception <a 'java/security/PrivilegedActionException'> (0x000000079648c8d8) thrown at [/HUDSON3/workspace/8-2-build-macosx-x86_64/jdk8u20/1074/hotspot/src/share/vm/prims/jvm.cpp, line 1275]
Event: 9.914 Thread 0x00007fa044081000 Exception <a 'java/security/PrivilegedActionException'> (0x00000007964ad508) thrown at [/HUDSON3/workspace/8-2-build-macosx-x86_64/jdk8u20/1074/hotspot/src/share/vm/prims/jvm.cpp, line 1275]
Event: 9.919 Thread 0x00007fa044081000 Exception <a 'java/security/PrivilegedActionException'> (0x00000007964e4078) thrown at [/HUDSON3/workspace/8-2-build-macosx-x86_64/jdk8u20/1074/hotspot/src/share/vm/prims/jvm.cpp, line 1275]
Event: 9.923 Thread 0x00007fa044081000 Exception <a 'java/security/PrivilegedActionException'> (0x0000000796504bf0) thrown at [/HUDSON3/workspace/8-2-build-macosx-x86_64/jdk8u20/1074/hotspot/src/share/vm/prims/jvm.cpp, line 1275]
Event: 9.925 Thread 0x00007fa044081000 Exception <a 'java/security/PrivilegedActionException'> (0x000000079652a768) thrown at [/HUDSON3/workspace/8-2-build-macosx-x86_64/jdk8u20/1074/hotspot/src/share/vm/prims/jvm.cpp, line 1275]
Event: 9.926 Thread 0x00007fa044081000 Exception <a 'java/security/PrivilegedActionException'> (0x000000079654b6e8) thrown at [/HUDSON3/workspace/8-2-build-macosx-x86_64/jdk8u20/1074/hotspot/src/share/vm/prims/jvm.cpp, line 1275]
Event: 10.048 Thread 0x00007fa044045800 Implicit null exception at 0x000000010352fc17 to 0x0000000103531efd
Event: 10.050 Thread 0x00007fa044045800 Implicit null exception at 0x0000000103511192 to 0x0000000103513cad

Events (10 events):
Event: 280.530 Thread 0x00007fa043805800 Thread exited: 0x00007fa043805800
Event: 280.530 Thread 0x00007fa044c0a800 Thread added: 0x00007fa044c0a800
Event: 280.530 Thread 0x00007fa044081000 Thread exited: 0x00007fa044081000
Event: 280.530 loading class java/util/IdentityHashMap$KeySet
Event: 280.530 loading class java/util/IdentityHashMap$KeySet done
Event: 280.530 loading class java/util/IdentityHashMap$KeyIterator
Event: 280.530 loading class java/util/IdentityHashMap$IdentityHashMapIterator
Event: 280.530 loading class java/util/IdentityHashMap$IdentityHashMapIterator done
Event: 280.530 loading class java/util/IdentityHashMap$KeyIterator done
Event: 280.530 Thread 0x00007fa044c0a800 Thread exited: 0x00007fa044c0a800


Dynamic libraries:
0x0000000005cbe000 	/System/Library/Frameworks/Cocoa.framework/Versions/A/Cocoa
0x0000000005cbe000 	/System/Library/Frameworks/Security.framework/Versions/A/Security
0x0000000005cbe000 	/System/Library/Frameworks/ApplicationServices.framework/Versions/A/ApplicationServices
0x0000000005cbe000 	/usr/lib/libz.1.dylib
0x0000000005cbe000 	/usr/lib/libSystem.B.dylib
0x0000000005cbe000 	/usr/lib/libobjc.A.dylib
0x0000000005cbe000 	/System/Library/Frameworks/CoreFoundation.framework/Versions/A/CoreFoundation
0x0000000005cbe000 	/System/Library/Frameworks/Foundation.framework/Versions/C/Foundation
0x0000000005cbe000 	/System/Library/Frameworks/AppKit.framework/Versions/C/AppKit
0x0000000005cbe000 	/System/Library/Frameworks/CoreData.framework/Versions/A/CoreData
0x0000000005cbe000 	/System/Library/PrivateFrameworks/RemoteViewServices.framework/Versions/A/RemoteViewServices
0x0000000005cbe000 	/System/Library/PrivateFrameworks/UIFoundation.framework/Versions/A/UIFoundation
0x0000000005cbe000 	/System/Library/Frameworks/IOSurface.framework/Versions/A/IOSurface
0x0000000005cbe000 	/System/Library/Frameworks/AudioToolbox.framework/Versions/A/AudioToolbox
0x0000000005cbe000 	/System/Library/Frameworks/AudioUnit.framework/Versions/A/AudioUnit
0x0000000005cbe000 	/System/Library/PrivateFrameworks/DataDetectorsCore.framework/Versions/A/DataDetectorsCore
0x0000000005cbe000 	/System/Library/PrivateFrameworks/DesktopServicesPriv.framework/Versions/A/DesktopServicesPriv
0x0000000005cbe000 	/System/Library/Frameworks/Carbon.framework/Versions/A/Frameworks/HIToolbox.framework/Versions/A/HIToolbox
0x0000000005cbe000 	/System/Library/Frameworks/QuartzCore.framework/Versions/A/QuartzCore
0x0000000005cbe000 	/System/Library/Frameworks/Carbon.framework/Versions/A/Frameworks/SpeechRecognition.framework/Versions/A/SpeechRecognition
0x0000000005cbe000 	/usr/lib/libauto.dylib
0x0000000005cbe000 	/usr/lib/libicucore.A.dylib
0x0000000005cbe000 	/usr/lib/libxml2.2.dylib
0x0000000005cbe000 	/System/Library/PrivateFrameworks/CoreUI.framework/Versions/A/CoreUI
0x0000000005cbe000 	/System/Library/Frameworks/CoreAudio.framework/Versions/A/CoreAudio
0x0000000005cbe000 	/System/Library/Frameworks/DiskArbitration.framework/Versions/A/DiskArbitration
0x0000000005cbe000 	/usr/lib/liblangid.dylib
0x0000000005cbe000 	/System/Library/PrivateFrameworks/MultitouchSupport.framework/Versions/A/MultitouchSupport
0x0000000005cbe000 	/System/Library/Frameworks/IOKit.framework/Versions/A/IOKit
0x0000000005cbe000 	/usr/lib/libDiagnosticMessagesClient.dylib
0x0000000005cbe000 	/System/Library/Frameworks/CoreServices.framework/Versions/A/CoreServices
0x0000000005cbe000 	/System/Library/PrivateFrameworks/PerformanceAnalysis.framework/Versions/A/PerformanceAnalysis
0x0000000005cbe000 	/System/Library/PrivateFrameworks/GenerationalStorage.framework/Versions/A/GenerationalStorage
0x0000000005cbe000 	/System/Library/Frameworks/OpenGL.framework/Versions/A/OpenGL
0x0000000005cbe000 	/System/Library/PrivateFrameworks/Sharing.framework/Versions/A/Sharing
0x0000000005cbe000 	/System/Library/Frameworks/CoreGraphics.framework/Versions/A/CoreGraphics
0x0000000005cbe000 	/System/Library/Frameworks/CoreText.framework/Versions/A/CoreText
0x0000000005cbe000 	/System/Library/Frameworks/ImageIO.framework/Versions/A/ImageIO
0x0000000005cbe000 	/usr/lib/libextension.dylib
0x0000000005cbe000 	/System/Library/PrivateFrameworks/Backup.framework/Versions/A/Backup
0x0000000005cbe000 	/usr/lib/libarchive.2.dylib
0x0000000005cbe000 	/System/Library/Frameworks/CFNetwork.framework/Versions/A/CFNetwork
0x0000000005cbe000 	/System/Library/Frameworks/SystemConfiguration.framework/Versions/A/SystemConfiguration
0x0000000005cbe000 	/usr/lib/libCRFSuite.dylib
0x0000000005cbe000 	/usr/lib/libc++.1.dylib
0x0000000005cbe000 	/usr/lib/libc++abi.dylib
0x0000000005cbe000 	/usr/lib/system/libcache.dylib
0x0000000005cbe000 	/usr/lib/system/libcommonCrypto.dylib
0x0000000005cbe000 	/usr/lib/system/libcompiler_rt.dylib
0x0000000005cbe000 	/usr/lib/system/libcopyfile.dylib
0x0000000005cbe000 	/usr/lib/system/libcorecrypto.dylib
0x0000000005cbe000 	/usr/lib/system/libdispatch.dylib
0x0000000005cbe000 	/usr/lib/system/libdyld.dylib
0x0000000005cbe000 	/usr/lib/system/libkeymgr.dylib
0x0000000005cbe000 	/usr/lib/system/liblaunch.dylib
0x0000000005cbe000 	/usr/lib/system/libmacho.dylib
0x0000000005cbe000 	/usr/lib/system/libquarantine.dylib
0x0000000005cbe000 	/usr/lib/system/libremovefile.dylib
0x0000000005cbe000 	/usr/lib/system/libsystem_asl.dylib
0x0000000005cbe000 	/usr/lib/system/libsystem_blocks.dylib
0x0000000005cbe000 	/usr/lib/system/libsystem_c.dylib
0x0000000005cbe000 	/usr/lib/system/libsystem_configuration.dylib
0x0000000005cbe000 	/usr/lib/system/libsystem_coreservices.dylib
0x0000000005cbe000 	/usr/lib/system/libsystem_coretls.dylib
0x0000000005cbe000 	/usr/lib/system/libsystem_dnssd.dylib
0x0000000005cbe000 	/usr/lib/system/libsystem_info.dylib
0x0000000005cbe000 	/usr/lib/system/libsystem_kernel.dylib
0x0000000005cbe000 	/usr/lib/system/libsystem_m.dylib
0x0000000005cbe000 	/usr/lib/system/libsystem_malloc.dylib
0x0000000005cbe000 	/usr/lib/system/libsystem_network.dylib
0x0000000005cbe000 	/usr/lib/system/libsystem_networkextension.dylib
0x0000000005cbe000 	/usr/lib/system/libsystem_notify.dylib
0x0000000005cbe000 	/usr/lib/system/libsystem_platform.dylib
0x0000000005cbe000 	/usr/lib/system/libsystem_pthread.dylib
0x0000000005cbe000 	/usr/lib/system/libsystem_sandbox.dylib
0x0000000005cbe000 	/usr/lib/system/libsystem_secinit.dylib
0x0000000005cbe000 	/usr/lib/system/libsystem_stats.dylib
0x0000000005cbe000 	/usr/lib/system/libsystem_trace.dylib
0x0000000005cbe000 	/usr/lib/system/libunc.dylib
0x0000000005cbe000 	/usr/lib/system/libunwind.dylib
0x0000000005cbe000 	/usr/lib/system/libxpc.dylib
0x0000000005cbe000 	/usr/lib/libbz2.1.0.dylib
0x0000000005cbe000 	/usr/lib/liblzma.5.dylib
0x0000000005cbe000 	/usr/lib/libbsm.0.dylib
0x0000000005cbe000 	/usr/lib/libsqlite3.dylib
0x0000000005cbe000 	/usr/lib/system/libkxld.dylib
0x0000000005cbe000 	/usr/lib/libxar.1.dylib
0x0000000005cbe000 	/usr/lib/libpam.2.dylib
0x0000000005cbe000 	/usr/lib/libOpenScriptingUtil.dylib
0x0000000005cbe000 	/System/Library/Frameworks/CoreServices.framework/Versions/A/Frameworks/FSEvents.framework/Versions/A/FSEvents
0x0000000005cbe000 	/System/Library/Frameworks/CoreServices.framework/Versions/A/Frameworks/CarbonCore.framework/Versions/A/CarbonCore
0x0000000005cbe000 	/System/Library/Frameworks/CoreServices.framework/Versions/A/Frameworks/Metadata.framework/Versions/A/Metadata
0x0000000005cbe000 	/System/Library/Frameworks/CoreServices.framework/Versions/A/Frameworks/OSServices.framework/Versions/A/OSServices
0x0000000005cbe000 	/System/Library/Frameworks/CoreServices.framework/Versions/A/Frameworks/SearchKit.framework/Versions/A/SearchKit
0x0000000005cbe000 	/System/Library/Frameworks/CoreServices.framework/Versions/A/Frameworks/AE.framework/Versions/A/AE
0x0000000005cbe000 	/System/Library/Frameworks/CoreServices.framework/Versions/A/Frameworks/LaunchServices.framework/Versions/A/LaunchServices
0x0000000005cbe000 	/System/Library/Frameworks/CoreServices.framework/Versions/A/Frameworks/DictionaryServices.framework/Versions/A/DictionaryServices
0x0000000005cbe000 	/System/Library/Frameworks/NetFS.framework/Versions/A/NetFS
0x0000000005cbe000 	/System/Library/PrivateFrameworks/NetAuth.framework/Versions/A/NetAuth
0x0000000005cbe000 	/System/Library/PrivateFrameworks/login.framework/Versions/A/Frameworks/loginsupport.framework/Versions/A/loginsupport
0x0000000005cbe000 	/System/Library/PrivateFrameworks/TCC.framework/Versions/A/TCC
0x0000000005cbe000 	/usr/lib/libmecabra.dylib
0x0000000005cbe000 	/System/Library/Frameworks/ApplicationServices.framework/Versions/A/Frameworks/ATS.framework/Versions/A/ATS
0x0000000005cbe000 	/System/Library/Frameworks/ApplicationServices.framework/Versions/A/Frameworks/ColorSync.framework/Versions/A/ColorSync
0x0000000005cbe000 	/System/Library/Frameworks/ApplicationServices.framework/Versions/A/Frameworks/HIServices.framework/Versions/A/HIServices
0x0000000005cbe000 	/System/Library/Frameworks/ApplicationServices.framework/Versions/A/Frameworks/LangAnalysis.framework/Versions/A/LangAnalysis
0x0000000005cbe000 	/System/Library/Frameworks/ApplicationServices.framework/Versions/A/Frameworks/PrintCore.framework/Versions/A/PrintCore
0x0000000005cbe000 	/System/Library/Frameworks/ApplicationServices.framework/Versions/A/Frameworks/QD.framework/Versions/A/QD
0x0000000005cbe000 	/System/Library/Frameworks/ApplicationServices.framework/Versions/A/Frameworks/SpeechSynthesis.framework/Versions/A/SpeechSynthesis
0x0000000005cbe000 	/System/Library/Frameworks/Accelerate.framework/Versions/A/Accelerate
0x0000000005cbe000 	/System/Library/Frameworks/Accelerate.framework/Versions/A/Frameworks/vImage.framework/Versions/A/vImage
0x0000000005cbe000 	/System/Library/Frameworks/Accelerate.framework/Versions/A/Frameworks/vecLib.framework/Versions/A/vecLib
0x0000000005cbe000 	/System/Library/Frameworks/Accelerate.framework/Versions/A/Frameworks/vecLib.framework/Versions/A/libvDSP.dylib
0x0000000005cbe000 	/System/Library/Frameworks/Accelerate.framework/Versions/A/Frameworks/vecLib.framework/Versions/A/libvMisc.dylib
0x0000000005cbe000 	/System/Library/Frameworks/Accelerate.framework/Versions/A/Frameworks/vecLib.framework/Versions/A/libLAPACK.dylib
0x0000000005cbe000 	/System/Library/Frameworks/Accelerate.framework/Versions/A/Frameworks/vecLib.framework/Versions/A/libBLAS.dylib
0x0000000005cbe000 	/System/Library/Frameworks/Accelerate.framework/Versions/A/Frameworks/vecLib.framework/Versions/A/libLinearAlgebra.dylib
0x0000000005cbe000 	/System/Library/Frameworks/ApplicationServices.framework/Versions/A/Frameworks/ATS.framework/Versions/A/Resources/libFontParser.dylib
0x0000000005cbe000 	/System/Library/Frameworks/ApplicationServices.framework/Versions/A/Frameworks/ATS.framework/Versions/A/Resources/libFontRegistry.dylib
0x0000000005cbe000 	/System/Library/PrivateFrameworks/AppleVPA.framework/Versions/A/AppleVPA
0x0000000005cbe000 	/System/Library/PrivateFrameworks/AppleJPEG.framework/Versions/A/AppleJPEG
0x0000000005cbe000 	/System/Library/Frameworks/ImageIO.framework/Versions/A/Resources/libJPEG.dylib
0x0000000005cbe000 	/System/Library/Frameworks/ImageIO.framework/Versions/A/Resources/libTIFF.dylib
0x0000000005cbe000 	/System/Library/Frameworks/ImageIO.framework/Versions/A/Resources/libPng.dylib
0x0000000005cbe000 	/System/Library/Frameworks/ImageIO.framework/Versions/A/Resources/libGIF.dylib
0x0000000005cbe000 	/System/Library/Frameworks/ImageIO.framework/Versions/A/Resources/libJP2.dylib
0x0000000005cbe000 	/System/Library/Frameworks/ImageIO.framework/Versions/A/Resources/libRadiance.dylib
0x0000000005cbe000 	/System/Library/Frameworks/CoreVideo.framework/Versions/A/CoreVideo
0x0000000005cbe000 	/System/Library/Frameworks/OpenGL.framework/Versions/A/Libraries/libGLU.dylib
0x0000000005cbe000 	/System/Library/Frameworks/OpenGL.framework/Versions/A/Libraries/libGFXShared.dylib
0x0000000005cbe000 	/System/Library/Frameworks/OpenGL.framework/Versions/A/Libraries/libGL.dylib
0x0000000005cbe000 	/System/Library/Frameworks/OpenGL.framework/Versions/A/Libraries/libGLImage.dylib
0x0000000005cbe000 	/System/Library/Frameworks/OpenGL.framework/Versions/A/Libraries/libCVMSPluginSupport.dylib
0x0000000005cbe000 	/System/Library/Frameworks/OpenGL.framework/Versions/A/Libraries/libCoreVMClient.dylib
0x0000000005cbe000 	/usr/lib/libcups.2.dylib
0x0000000005cbe000 	/System/Library/Frameworks/Kerberos.framework/Versions/A/Kerberos
0x0000000005cbe000 	/System/Library/Frameworks/GSS.framework/Versions/A/GSS
0x0000000005cbe000 	/usr/lib/libresolv.9.dylib
0x0000000005cbe000 	/usr/lib/libiconv.2.dylib
0x0000000005cbe000 	/System/Library/PrivateFrameworks/Heimdal.framework/Versions/A/Heimdal
0x0000000005cbe000 	/usr/lib/libheimdal-asn1.dylib
0x0000000005cbe000 	/System/Library/Frameworks/OpenDirectory.framework/Versions/A/OpenDirectory
0x0000000005cbe000 	/System/Library/PrivateFrameworks/CommonAuth.framework/Versions/A/CommonAuth
0x0000000005cbe000 	/System/Library/Frameworks/OpenDirectory.framework/Versions/A/Frameworks/CFOpenDirectory.framework/Versions/A/CFOpenDirectory
0x0000000005cbe000 	/System/Library/Frameworks/SecurityFoundation.framework/Versions/A/SecurityFoundation
0x0000000005cbe000 	/System/Library/PrivateFrameworks/LanguageModeling.framework/Versions/A/LanguageModeling
0x0000000005cbe000 	/usr/lib/libcmph.dylib
0x0000000005cbe000 	/System/Library/Frameworks/ServiceManagement.framework/Versions/A/ServiceManagement
0x0000000005cbe000 	/usr/lib/libxslt.1.dylib
0x0000000005cbe000 	/System/Library/Frameworks/Carbon.framework/Versions/A/Frameworks/Ink.framework/Versions/A/Ink
0x0000000005cbe000 	/System/Library/Frameworks/QuartzCore.framework/Versions/A/Frameworks/CoreImage.framework/Versions/A/CoreImage
0x0000000005cbe000 	/System/Library/PrivateFrameworks/CrashReporterSupport.framework/Versions/A/CrashReporterSupport
0x0000000005cbe000 	/System/Library/Frameworks/OpenCL.framework/Versions/A/OpenCL
0x0000000005cbe000 	/System/Library/PrivateFrameworks/FaceCore.framework/Versions/A/FaceCore
0x0000000005cbe000 	/System/Library/PrivateFrameworks/Ubiquity.framework/Versions/A/Ubiquity
0x0000000005cbe000 	/System/Library/PrivateFrameworks/IconServices.framework/Versions/A/IconServices
0x0000000005cbe000 	/System/Library/PrivateFrameworks/ChunkingLibrary.framework/Versions/A/ChunkingLibrary
0x0000000005cbe000 	/System/Library/PrivateFrameworks/Apple80211.framework/Versions/A/Apple80211
0x0000000005cbe000 	/System/Library/Frameworks/CoreWLAN.framework/Versions/A/CoreWLAN
0x0000000005cbe000 	/System/Library/Frameworks/IOBluetooth.framework/Versions/A/IOBluetooth
0x0000000005cbe000 	/System/Library/PrivateFrameworks/CoreWiFi.framework/Versions/A/CoreWiFi
0x0000000005cbe000 	/System/Library/Frameworks/CoreBluetooth.framework/Versions/A/CoreBluetooth
0x0000000005cbe000 	/System/Library/PrivateFrameworks/DebugSymbols.framework/Versions/A/DebugSymbols
0x0000000005cbe000 	/System/Library/PrivateFrameworks/CoreSymbolication.framework/Versions/A/CoreSymbolication
0x0000000005cbe000 	/System/Library/PrivateFrameworks/Symbolication.framework/Versions/A/Symbolication
0x0000000005cbe000 	/System/Library/PrivateFrameworks/SpeechRecognitionCore.framework/Versions/A/SpeechRecognitionCore
0x0000000102000000 	/Library/Java/JavaVirtualMachines/jdk1.8.0_20.jdk/Contents/Home/jre/lib/server/libjvm.dylib
0x0000000005cbe000 	/usr/lib/libstdc++.6.dylib
0x000000010176f000 	/Library/Java/JavaVirtualMachines/jdk1.8.0_20.jdk/Contents/Home/jre/lib/libverify.dylib
0x000000010177d000 	/Library/Java/JavaVirtualMachines/jdk1.8.0_20.jdk/Contents/Home/jre/lib/libjava.dylib
0x00000001017bb000 	/Library/Java/JavaVirtualMachines/jdk1.8.0_20.jdk/Contents/Home/jre/lib/libzip.dylib
0x000000011906a000 	/System/Library/Frameworks/JavaVM.framework/Frameworks/JavaRuntimeSupport.framework/JavaRuntimeSupport
0x0000000119082000 	/System/Library/Frameworks/JavaVM.framework/Versions/A/Frameworks/JavaNativeFoundation.framework/Versions/A/JavaNativeFoundation
0x00000001017ed000 	/System/Library/Frameworks/JavaVM.framework/Versions/A/JavaVM
0x0000000005cbe000 	/System/Library/Frameworks/Carbon.framework/Versions/A/Carbon
0x0000000119097000 	/System/Library/PrivateFrameworks/JavaLaunching.framework/Versions/A/JavaLaunching
0x0000000005cbe000 	/System/Library/Frameworks/Carbon.framework/Versions/A/Frameworks/CommonPanels.framework/Versions/A/CommonPanels
0x0000000005cbe000 	/System/Library/Frameworks/Carbon.framework/Versions/A/Frameworks/Help.framework/Versions/A/Help
0x0000000005cbe000 	/System/Library/Frameworks/Carbon.framework/Versions/A/Frameworks/ImageCapture.framework/Versions/A/ImageCapture
0x0000000005cbe000 	/System/Library/Frameworks/Carbon.framework/Versions/A/Frameworks/OpenScripting.framework/Versions/A/OpenScripting
0x0000000005cbe000 	/System/Library/Frameworks/Carbon.framework/Versions/A/Frameworks/Print.framework/Versions/A/Print
0x0000000005cbe000 	/System/Library/Frameworks/Carbon.framework/Versions/A/Frameworks/SecurityHI.framework/Versions/A/SecurityHI
0x000000011b0e6000 	/Applications/IntelliJ IDEA 14 CE.app/Contents/bin/libbreakgen64.jnilib
0x000000011b278000 	/Library/Java/JavaVirtualMachines/jdk1.8.0_20.jdk/Contents/Home/jre/lib/libnet.dylib
0x000000011b4dd000 	/Library/Java/JavaVirtualMachines/jdk1.8.0_20.jdk/Contents/Home/jre/lib/libprism_es2.dylib
0x0000000005cbe000 	/System/Library/Frameworks/OpenGL.framework/Versions/A/Resources/GLEngine.bundle/GLEngine
0x0000000005cbe000 	/System/Library/Frameworks/OpenGL.framework/Versions/A/Libraries/libGLProgrammability.dylib
0x000000011b55e000 	/System/Library/Extensions/AppleIntelBDWGraphicsGLDriver.bundle/Contents/MacOS/AppleIntelBDWGraphicsGLDriver
0x0000000005cbe000 	/System/Library/PrivateFrameworks/IOAccelerator.framework/Versions/A/IOAccelerator
0x0000000005cbe000 	/System/Library/PrivateFrameworks/GPUSupport.framework/Versions/A/Libraries/libGPUSupportMercury.dylib
0x0000000005cbe000 	/System/Library/Frameworks/OpenGL.framework/Versions/A/Resources/GLRendererFloat.bundle/GLRendererFloat
0x0000000005cbe000 	/System/Library/Frameworks/OpenCL.framework/Versions/A/Libraries/libcldcpuengine.dylib
0x0000000005cbe000 	/System/Library/PrivateFrameworks/DiskImages.framework/Versions/A/DiskImages
0x0000000005cbe000 	/System/Library/Frameworks/DiscRecording.framework/Versions/A/DiscRecording
0x0000000005cbe000 	/usr/lib/libcsfde.dylib
0x0000000005cbe000 	/usr/lib/libcurl.4.dylib
0x0000000005cbe000 	/System/Library/PrivateFrameworks/MediaKit.framework/Versions/A/MediaKit
0x0000000005cbe000 	/System/Library/PrivateFrameworks/ProtectedCloudStorage.framework/Versions/A/ProtectedCloudStorage
0x0000000005cbe000 	/usr/lib/libCoreStorage.dylib
0x0000000005cbe000 	/System/Library/PrivateFrameworks/EFILogin.framework/Versions/A/EFILogin
0x0000000005cbe000 	/usr/lib/libutil.dylib
0x0000000005cbe000 	/System/Library/PrivateFrameworks/FindMyDevice.framework/Versions/A/FindMyDevice
0x0000000005cbe000 	/System/Library/Frameworks/LDAP.framework/Versions/A/LDAP
0x0000000005cbe000 	/usr/lib/libsasl2.2.dylib
0x0000000005cbe000 	/System/Library/PrivateFrameworks/CoreDaemon.framework/Versions/B/CoreDaemon
0x0000000005cbe000 	/usr/lib/libcrypto.0.9.8.dylib
0x0000000005cbe000 	/System/Library/PrivateFrameworks/AppleSRP.framework/Versions/A/AppleSRP
0x0000000005cbe000 	/System/Library/PrivateFrameworks/TrustEvaluationAgent.framework/Versions/A/TrustEvaluationAgent
0x000000011c041000 	/Library/Java/JavaVirtualMachines/jdk1.8.0_20.jdk/Contents/Home/jre/lib/libglass.dylib
0x0000000005cbe000 	/System/Library/PrivateFrameworks/CoreServicesInternal.framework/Versions/A/CoreServicesInternal
0x0000000005cbe000 	/System/Library/PrivateFrameworks/CloudDocs.framework/Versions/A/CloudDocs
0x0000000005cbe000 	/System/Library/PrivateFrameworks/CoreDuet.framework/Versions/A/CoreDuet
0x0000000005cbe000 	/System/Library/Frameworks/CloudKit.framework/Versions/A/CloudKit
0x0000000005cbe000 	/System/Library/PrivateFrameworks/ProtocolBuffer.framework/Versions/A/ProtocolBuffer
0x0000000005cbe000 	/System/Library/PrivateFrameworks/CoreDuetDaemonProtocol.framework/Versions/A/CoreDuetDaemonProtocol
0x0000000005cbe000 	/System/Library/PrivateFrameworks/CoreDuetDebugLogging.framework/Versions/A/CoreDuetDebugLogging
0x0000000005cbe000 	/System/Library/PrivateFrameworks/MMCS.framework/Versions/A/MMCS
0x0000000005cbe000 	/System/Library/Frameworks/CoreLocation.framework/Versions/A/CoreLocation
0x0000000005cbe000 	/System/Library/PrivateFrameworks/GeoServices.framework/Versions/A/GeoServices
0x0000000005cbe000 	/System/Library/Frameworks/CoreGraphics.framework/Versions/A/Resources/libCGCMS.A.dylib
0x0000000005cbe000 	/System/Library/CoreServices/RawCamera.bundle/Contents/MacOS/RawCamera
0x0000000005cbe000 	/System/Library/Frameworks/CoreGraphics.framework/Versions/A/Resources/libRIP.A.dylib
0x0000000005cbe000 	/System/Library/PrivateFrameworks/FamilyControls.framework/Versions/A/FamilyControls
0x0000000005cbe000 	/System/Library/PrivateFrameworks/CommerceKit.framework/Versions/A/Frameworks/CommerceCore.framework/Versions/A/CommerceCore
0x0000000005cbe000 	/System/Library/PrivateFrameworks/SystemAdministration.framework/Versions/A/SystemAdministration
0x0000000005cbe000 	/System/Library/PrivateFrameworks/AppContainer.framework/Versions/A/AppContainer
0x0000000005cbe000 	/System/Library/PrivateFrameworks/SecCodeWrapper.framework/Versions/A/SecCodeWrapper
0x0000000005cbe000 	/System/Library/Frameworks/DirectoryService.framework/Versions/A/DirectoryService
0x0000000005cbe000 	/System/Library/PrivateFrameworks/LoginUIKit.framework/Versions/A/Frameworks/LoginUICore.framework/Versions/A/LoginUICore
0x0000000005cbe000 	/usr/lib/libodfde.dylib
0x000000011fb75000 	/Library/Java/JavaVirtualMachines/jdk1.8.0_20.jdk/Contents/Home/jre/lib/libjavafx_font.dylib
0x0000000005cbe000 	/System/Library/Frameworks/CoreGraphics.framework/Versions/A/Resources/libCGXType.A.dylib
0x0000000121e8a000 	cl_kernels
0x0000000122a6b000 	/System/Library/Frameworks/OpenCL.framework/Versions/A/Libraries/ImageFormats/unorm8_bgra.dylib
0x0000000121e90000 	cl_kernels
0x0000000122d07000 	/Library/Java/JavaVirtualMachines/jdk1.8.0_20.jdk/Contents/Home/jre/lib/libprism_common.dylib

VM Arguments:
jvm_args: -Didea.launcher.port=7535 -Didea.launcher.bin.path=/Applications/IntelliJ IDEA 14 CE.app/Contents/bin -Dfile.encoding=UTF-8 
java_command: com.intellij.rt.execution.application.AppMain m5demo.Main
java_class_path (initial): /Library/Java/JavaVirtualMachines/jdk1.8.0_20.jdk/Contents/Home/lib/ant-javafx.jar:/Library/Java/JavaVirtualMachines/jdk1.8.0_20.jdk/Contents/Home/lib/dt.jar:/Library/Java/JavaVirtualMachines/jdk1.8.0_20.jdk/Contents/Home/lib/javafx-mx.jar:/Library/Java/JavaVirtualMachines/jdk1.8.0_20.jdk/Contents/Home/lib/jconsole.jar:/Library/Java/JavaVirtualMachines/jdk1.8.0_20.jdk/Contents/Home/lib/sa-jdi.jar:/Library/Java/JavaVirtualMachines/jdk1.8.0_20.jdk/Contents/Home/lib/tools.jar:/Library/Java/JavaVirtualMachines/jdk1.8.0_20.jdk/Contents/Home/jre/lib/charsets.jar:/Library/Java/JavaVirtualMachines/jdk1.8.0_20.jdk/Contents/Home/jre/lib/deploy.jar:/Library/Java/JavaVirtualMachines/jdk1.8.0_20.jdk/Contents/Home/jre/lib/javaws.jar:/Library/Java/JavaVirtualMachines/jdk1.8.0_20.jdk/Contents/Home/jre/lib/jce.jar:/Library/Java/JavaVirtualMachines/jdk1.8.0_20.jdk/Contents/Home/jre/lib/jfr.jar:/Library/Java/JavaVirtualMachines/jdk1.8.0_20.jdk/Contents/Home/jre/lib/jfxswt.jar:/Library/Java/JavaVirtualMachines/jdk1.8.0_20.jdk/Contents/Home/jre/lib/jsse.jar:/Library/Java/JavaVirtualMachines/jdk1.8.0_20.jdk/Contents/Home/jre/lib/management-agent.jar:/Library/Java/JavaVirtualMachines/jdk1.8.0_20.jdk/Contents/Home/jre/lib/plugin.jar:/Library/Java/JavaVirtualMachines/jdk1.8.0_20.jdk/Contents/Home/jre/lib/resources.jar:/Library/Java/JavaVirtualMachines/jdk1.8.0_20.jdk/Contents/Home/jre/lib/rt.jar:/Library/Java/JavaVirtualMachines/jdk1.8.0_20.jdk/Contents/Home/jre/lib/ext/cldrdata.jar:/Library/Java/JavaVirtualMachines/jdk1.8.0_20.jdk/Contents/Home/jre/lib/ext/dnsns.jar:/Library/Java/JavaVirtualMachines/jdk1.8.0_20.jdk/Contents/Home/jre/lib/ext/jfxrt.jar:/Library/Java/JavaVirtualMachines/jdk1.8.0_20.jdk/Contents/Home/jre/lib/ext/localedata.jar:/Library/Java/JavaVirtualMachines/jdk1.8.0_20.jdk/Contents/Home/jre/lib/ext/nashorn.jar:/Library/Java/JavaVirtualMachines/jdk1.8.0_20.jdk/Contents/Home/jre/lib/ext/sunec.jar:/Library/Java/JavaVirtualMachines/jdk1.8.0_20.jdk/C
Launcher Type: SUN_STANDARD

Environment Variables:
PATH=/usr/local/bin:/usr/bin:/bin:/usr/sbin:/sbin
SHELL=/bin/bash

Signal Handlers:
SIGSEGV: [libjvm.dylib+0x578fd7], sa_mask[0]=11111111011111110111111111111111, sa_flags=SA_ONSTACK|SA_RESTART|SA_SIGINFO
SIGBUS: [libjvm.dylib+0x578fd7], sa_mask[0]=11111111011111110111111111111111, sa_flags=SA_RESTART|SA_SIGINFO
SIGFPE: [libjvm.dylib+0x45ab0c], sa_mask[0]=11111111011111110111111111111111, sa_flags=SA_RESTART|SA_SIGINFO
SIGPIPE: [libjvm.dylib+0x45ab0c], sa_mask[0]=11111111011111110111111111111111, sa_flags=SA_RESTART|SA_SIGINFO
SIGXFSZ: [libjvm.dylib+0x45ab0c], sa_mask[0]=11111111011111110111111111111111, sa_flags=SA_RESTART|SA_SIGINFO
SIGILL: [libjvm.dylib+0x45ab0c], sa_mask[0]=11111111011111110111111111111111, sa_flags=SA_RESTART|SA_SIGINFO
SIGUSR1: SIG_DFL, sa_mask[0]=00000000000000000000000000000000, sa_flags=none
SIGUSR2: [libjvm.dylib+0x45a62a], sa_mask[0]=00100000000000000000000000000000, sa_flags=SA_RESTART|SA_SIGINFO
SIGHUP: [libjvm.dylib+0x458bfd], sa_mask[0]=11111111011111110111111111111111, sa_flags=SA_RESTART|SA_SIGINFO
SIGINT: [libjvm.dylib+0x458bfd], sa_mask[0]=11111111011111110111111111111111, sa_flags=SA_RESTART|SA_SIGINFO
SIGTERM: [libjvm.dylib+0x458bfd], sa_mask[0]=11111111011111110111111111111111, sa_flags=SA_RESTART|SA_SIGINFO
SIGQUIT: [libjvm.dylib+0x458bfd], sa_mask[0]=11111111011111110111111111111111, sa_flags=SA_RESTART|SA_SIGINFO


---------------  S Y S T E M  ---------------

OS:Bsduname:Darwin 14.5.0 Darwin Kernel Version 14.5.0: Wed Jul 29 02:26:53 PDT 2015; root:xnu-2782.40.9~1/RELEASE_X86_64 x86_64
rlimit: STACK 8192k, CORE 0k, NPROC 709, NOFILE 10240, AS infinity
load average:1.72 2.21 2.13

CPU:total 4 (2 cores per cpu, 2 threads per core) family 6 model 61 stepping 4, cmov, cx8, fxsr, mmx, sse, sse2, sse3, ssse3, sse4.1, sse4.2, popcnt, avx, avx2, aes, clmul, erms, lzcnt, ht, tsc, tscinvbit, bmi1, bmi2

Memory: 4k page, physical 8388608k(2587568k free)

/proc/meminfo:


vm_info: Java HotSpot(TM) 64-Bit Server VM (25.20-b23) for bsd-amd64 JRE (1.8.0_20-b26), built on Jul 30 2014 13:37:47 by "java_re" with gcc 4.2.1 (Based on Apple Inc. build 5658) (LLVM build 2336.9.00)

time: Fri Oct  2 11:27:56 2015
elapsed time: 280 seconds (0d 0h 4m 40s)

